<?xml version="1.0" encoding="UTF-8"?>
<!-- Generated by org.testng.reporters.JUnitReportReporter -->
<testsuite name="com.cleartrip.testcases.FightbookingTestCase" tests="1" time="27.222" ignored="0" failures="0" timestamp="05 Feb 2017 03:54:08 GMT" skipped="0" hostname="Mahendra-pc" errors="0">
  <testcase name="initiateBooking" time="27.222" classname="com.cleartrip.testcases.FightbookingTestCase"/>
</testsuite> <!-- com.cleartrip.testcases.FightbookingTestCase -->
