<?xml version="1.0" encoding="UTF-8"?>
<!-- Generated by org.testng.reporters.JUnitReportReporter -->
<testsuite name="com.cleartrip.testcases.CleartripSignupTestCase" tests="1" time="37.696" ignored="0" failures="0" timestamp="05 Feb 2017 04:02:25 GMT" skipped="0" hostname="Mahendra-pc" errors="0">
  <testcase name="signup" time="37.696" classname="com.cleartrip.testcases.CleartripSignupTestCase"/>
</testsuite> <!-- com.cleartrip.testcases.CleartripSignupTestCase -->
