<?xml version="1.0" encoding="UTF-8"?>
<!-- Generated by org.testng.reporters.JUnitReportReporter -->
<testsuite name="com.cleartrip.testcases.HotelBookingTestCase" tests="1" time="88.815" ignored="0" failures="0" timestamp="17 Jan 2017 04:02:50 GMT" skipped="0" hostname="Mahendra-pc" errors="0">
  <testcase name="initiateBooking" time="88.815" classname="com.cleartrip.testcases.HotelBookingTestCase"/>
</testsuite> <!-- com.cleartrip.testcases.HotelBookingTestCase -->
