<?xml version="1.0" encoding="UTF-8"?>
<!-- Generated by org.testng.reporters.JUnitReportReporter -->
<testsuite name="com.cleartrip.pageobjects.Demotest" tests="1" time="1.310" ignored="0" failures="0" timestamp="19 Jan 2017 03:52:34 GMT" skipped="0" hostname="Mahendra-pc" errors="0">
  <testcase name="strtTest" time="1.310" classname="com.cleartrip.pageobjects.Demotest"/>
</testsuite> <!-- com.cleartrip.pageobjects.Demotest -->
