<?xml version="1.0" encoding="UTF-8"?>
<!-- Generated by org.testng.reporters.JUnitReportReporter -->
<testsuite name="com.cleartrip.testcases.Xmlreader" tests="1" time="0.249" ignored="0" failures="0" timestamp="01 Feb 2017 16:08:51 GMT" skipped="0" hostname="Mahendra-pc" errors="0">
  <testcase name="gettingData" time="0.249" classname="com.cleartrip.testcases.Xmlreader"/>
</testsuite> <!-- com.cleartrip.testcases.Xmlreader -->
